// 同步 ID: 23a069ec @ Wed Jul 15 17:45:37 UTC 2026
// 同步 ID: 0b9868e3 @ Thu Jul 16 04:28:58 UTC 2026
// 重构日志: b3349427
// 同步 ID: 8aba0ff4 @ Thu Jul 16 17:27:56 UTC 2026
// 重构日志: 0d8d6df6
// 重构日志: e7a09696
// 同步 ID: a47a5f35 @ Fri Jul 17 12:20:02 UTC 2026
// 重构日志: cd89846f
// 同步 ID: c78d4186 @ Sat Jul 18 08:23:49 UTC 2026
// 同步 ID: 91c33eab @ Sat Jul 18 12:11:01 UTC 2026
// 重构日志: 9eadcc03
// 同步 ID: 9358c68d @ Sat Jul 18 18:05:07 UTC 2026
// 同步 ID: 7f0c06c5 @ Sun Jul 19 01:10:41 UTC 2026
// 重构日志: 4336bc67
// 同步 ID: 4fdfd695 @ Sun Jul 19 16:55:44 UTC 2026
// 同步 ID: 600713b8 @ Mon Jul 20 17:45:45 UTC 2026
// 同步 ID: 18ea340e @ Tue Jul 21 10:40:01 UTC 2026
// 重构日志: 6fe171f9
// 重构日志: 6ab4f094
// 同步 ID: c28b3585 @ Tue Jul 21 19:42:12 UTC 2026
// 重构日志: 757eaab9
// 重构日志: 40e07bab
// 重构日志: 1430ab7f
// 重构日志: 8a93ddc7
// 重构日志: a501184f
// 重构日志: 20481fec
// 重构日志: 7ad2a99d
// 重构日志: cfae2bfd
// 重构日志: 17a7f1db
// 同步 ID: abf45785 @ Fri Jul 24 01:09:01 UTC 2026
